<?xml version="1.0" encoding="UTF-8"?>
<!-- Generated by org.testng.reporters.JUnitReportReporter -->
<testsuite hostname="LAPTOP-KCM827FE" failures="0" tests="1" name="com.automate.FM1.LoginTest" time="9.663" errors="0" timestamp="2020-11-17T15:07:09 IST" skipped="0">
  <testcase classname="com.automate.FM1.LoginTest" name="login" time="9.663"/>
  <system-out/>
</testsuite> <!-- com.automate.FM1.LoginTest -->
